<?xml version="1.0" encoding="UTF-8"?>
<!-- Generated by org.testng.reporters.JUnitReportReporter -->
<testsuite skipped="0" hostname="LAPTOP-1BCJRB17" name="Image.ImageUpload" tests="2" failures="0" timestamp="11 Oct 2019 17:05:06 GMT" time="106.092" errors="0">
  <testcase name="test_setup" time="31.685" classname="Image.ImageUpload"/>
  <testcase name="test" time="74.407" classname="Image.ImageUpload"/>
</testsuite> <!-- Image.ImageUpload -->
