<?xml version="1.0" encoding="UTF-8"?>
<!-- Generated by org.testng.reporters.JUnitReportReporter -->
<testsuite skipped="0" hostname="LAPTOP-1BCJRB17" name="Image.ImageUpload" tests="2" failures="0" timestamp="11 Oct 2019 13:31:25 GMT" time="79.947" errors="0">
  <testcase name="test_setup" time="20.987" classname="Image.ImageUpload"/>
  <testcase name="test" time="58.960" classname="Image.ImageUpload"/>
</testsuite> <!-- Image.ImageUpload -->
